[INFO] [2017-01-06 19:44:34][org.springframework.web.context.ContextLoader]Root WebApplicationContext: initialization started
[INFO] [2017-01-06 19:44:35][org.springframework.web.context.support.XmlWebApplicationContext]Refreshing Root WebApplicationContext: startup date [Fri Jan 06 19:44:35 GMT+08:00 2017]; root of context hierarchy
[INFO] [2017-01-06 19:44:35][org.springframework.beans.factory.xml.XmlBeanDefinitionReader]Loading XML bean definitions from class path resource [spring-mybatis.xml]
[INFO] [2017-01-06 19:44:35][org.springframework.context.support.PropertySourcesPlaceholderConfigurer]Loading properties file from class path resource [db.properties]
[INFO] [2017-01-06 19:44:35][org.springframework.beans.factory.annotation.AutowiredAnnotationBeanPostProcessor]JSR-330 'javax.inject.Inject' annotation found and supported for autowiring
[INFO] [2017-01-06 19:44:36][org.springframework.web.context.ContextLoader]Root WebApplicationContext: initialization completed in 1307 ms
[INFO] [2017-01-06 19:44:36][org.springframework.web.servlet.DispatcherServlet]FrameworkServlet 'SpringMVC': initialization started
[INFO] [2017-01-06 19:44:36][org.springframework.web.context.support.XmlWebApplicationContext]Refreshing WebApplicationContext for namespace 'SpringMVC-servlet': startup date [Fri Jan 06 19:44:36 GMT+08:00 2017]; parent: Root WebApplicationContext
[INFO] [2017-01-06 19:44:36][org.springframework.beans.factory.xml.XmlBeanDefinitionReader]Loading XML bean definitions from class path resource [spring-mvc.xml]
[INFO] [2017-01-06 19:44:36][org.springframework.beans.factory.annotation.AutowiredAnnotationBeanPostProcessor]JSR-330 'javax.inject.Inject' annotation found and supported for autowiring
[INFO] [2017-01-06 19:44:36][org.springframework.web.servlet.handler.SimpleUrlHandlerMapping]Mapped URL path [/**] onto handler 'org.springframework.web.servlet.resource.DefaultServletHttpRequestHandler#0'
[INFO] [2017-01-06 19:44:36][org.springframework.web.servlet.mvc.method.annotation.RequestMappingHandlerMapping]Mapped "{[/showlist]}" onto public java.lang.String com.jeasen.controll.FilmControll.list(org.springframework.ui.Model,javax.servlet.http.HttpServletRequest)
[INFO] [2017-01-06 19:44:36][org.springframework.web.servlet.mvc.method.annotation.RequestMappingHandlerMapping]Mapped "{[/edit]}" onto public java.lang.String com.jeasen.controll.FilmControll.editList(javax.servlet.http.HttpServletRequest)
[INFO] [2017-01-06 19:44:36][org.springframework.web.servlet.mvc.method.annotation.RequestMappingHandlerMapping]Mapped "{[/delete]}" onto public java.lang.String com.jeasen.controll.FilmControll.deleteList(javax.servlet.http.HttpServletRequest)
[INFO] [2017-01-06 19:44:36][org.springframework.web.servlet.mvc.method.annotation.RequestMappingHandlerMapping]Mapped "{[/selectList]}" onto public java.lang.String com.jeasen.controll.FilmControll.selectList(org.springframework.ui.Model,javax.servlet.http.HttpServletRequest)
[INFO] [2017-01-06 19:44:36][org.springframework.web.servlet.mvc.method.annotation.RequestMappingHandlerMapping]Mapped "{[/addFilm]}" onto public java.lang.String com.jeasen.controll.FilmControll.addFilm(javax.servlet.http.HttpServletRequest)
[INFO] [2017-01-06 19:44:36][org.springframework.web.servlet.mvc.method.annotation.RequestMappingHandlerMapping]Mapped "{[/showJsp]}" onto public java.lang.String com.jeasen.controll.LoginControll.showjsp()
[INFO] [2017-01-06 19:44:36][org.springframework.web.servlet.mvc.method.annotation.RequestMappingHandlerMapping]Mapped "{[/Login]}" onto public java.lang.String com.jeasen.controll.LoginControll.judgeLogin(javax.servlet.http.HttpServletRequest,org.springframework.ui.Model,java.util.Map<java.lang.String, java.lang.Object>) throws javax.servlet.ServletException,java.io.IOException
[INFO] [2017-01-06 19:44:37][org.springframework.web.servlet.mvc.method.annotation.RequestMappingHandlerAdapter]Looking for @ControllerAdvice: WebApplicationContext for namespace 'SpringMVC-servlet': startup date [Fri Jan 06 19:44:36 GMT+08:00 2017]; parent: Root WebApplicationContext
[INFO] [2017-01-06 19:44:37][org.springframework.web.servlet.mvc.method.annotation.RequestMappingHandlerAdapter]Looking for @ControllerAdvice: WebApplicationContext for namespace 'SpringMVC-servlet': startup date [Fri Jan 06 19:44:36 GMT+08:00 2017]; parent: Root WebApplicationContext
[INFO] [2017-01-06 19:44:37][org.springframework.web.servlet.DispatcherServlet]FrameworkServlet 'SpringMVC': initialization completed in 1159 ms
